<?xml version="1.0" encoding="UTF-8"?><testsuite errors="0" failures="0" name="com.videogame.videogameinfo.VideoCURDTest" skipped="0" tests="5" time="14.59" timestamp="2021-07-20T00:39:47.379+01:00[Europe/London]"><testcase classname="com.videogame.videogameinfo.VideoCURDTest" name="This will get a videogame list"/><testcase classname="com.videogame.videogameinfo.VideoCURDTest" name="This will create a new videogame"/><testcase classname="com.videogame.videogameinfo.VideoCURDTest" name="This will get videogame by id"/><testcase classname="com.videogame.videogameinfo.VideoCURDTest" name="This test will update the video game by existing id"/><testcase classname="com.videogame.videogameinfo.VideoCURDTest" name="This will delete a new videogame"/></testsuite>